<?xml version="1.0" encoding="UTF-8"?>
<testsuite name="PointTests" tests="4" skipped="0" failures="0" errors="0" timestamp="2023-03-05T17:35:57" hostname="61612-NB" time="0.01">
  <properties/>
  <testcase name="testDistance1" classname="PointTests" time="0.006"/>
  <testcase name="testDistance2" classname="PointTests" time="0.001"/>
  <testcase name="testDistance3" classname="PointTests" time="0.0"/>
  <testcase name="testDistance4" classname="PointTests" time="0.001"/>
  <system-out><![CDATA[]]></system-out>
  <system-err><![CDATA[]]></system-err>
</testsuite>
